<?xml version="1.0" encoding="UTF-8"?>
<testsuite xmlns:xsi="http://www.w3.org/2001/XMLSchema-instance" xsi:noNamespaceSchemaLocation="https://maven.apache.org/surefire/maven-surefire-plugin/xsd/surefire-test-report-3.0.xsd" version="3.0" name="com.example.gateway.GatewayApplicationTests" time="38.478" tests="1" errors="0" skipped="0" failures="0">
  <properties>
[...]
</properties>
  <testcase name="contextLoads" classname="com.example.gateway.GatewayApplicationTests" time="2.079">
    <system-out><![CDATA[08:06:45.021 [main] INFO org.springframework.test.context.support.AnnotationConfigContextLoaderUtils -- Could not detect default configuration classes for test class [com.example.gateway.GatewayApplicationTests]: GatewayApplicationTests does not declare any static, non-private, non-final, nested classes annotated with @Configuration.
08:06:45.290 [main] INFO org.springframework.boot.test.context.SpringBootTestContextBootstrapper -- Found @SpringBootConfiguration com.example.gateway.GatewayApplication for test class com.example.gateway.GatewayApplicationTests

  .   ____          _            __ _ _
 /\\ / ___'_ __ _ _(_)_ __  __ _ \ \ \ \
( ( )\___ | '_ | '_| | '_ \/ _` | \ \ \ \
 \\/  ___)| |_)| | | | | || (_| |  ) ) ) )
  '  |____| .__|_| |_|_| |_\__, | / / / /
 =========|_|==============|___/=/_/_/_/

 :: Spring Boot ::                (v3.3.2)

2024-08-24T08:06:46.805-06:00  INFO 68220 --- [gateway] [           main] c.e.gateway.GatewayApplicationTests      : Starting GatewayApplicationTests using Java 17.0.12 with PID 68220 (started by sergio.apariciom in C:\Users\sergio.apariciom\Documents\Proyecto Web\Backend--Gateway\gateway)
2024-08-24T08:06:46.808-06:00  INFO 68220 --- [gateway] [           main] c.e.gateway.GatewayApplicationTests      : No active profile set, falling back to 1 default profile: "default"
2024-08-24T08:06:49.039-06:00 TRACE 68220 --- [gateway] [           main] o.s.c.g.c.c.OnEnabledGlobalFilter        : Condition OnEnabledGlobalFilter on org.springframework.cloud.gateway.config.GatewayReactiveLoadBalancerClientAutoConfiguration#gatewayLoadBalancerClientFilter matched
2024-08-24T08:06:49.045-06:00 TRACE 68220 --- [gateway] [           main] o.s.c.g.c.c.OnEnabledGlobalFilter        : Condition OnEnabledGlobalFilter on org.springframework.cloud.gateway.config.GatewayReactiveLoadBalancerClientAutoConfiguration#loadBalancerServiceInstanceCookieFilter matched
2024-08-24T08:06:49.079-06:00 TRACE 68220 --- [gateway] [           main] Configuration$OnVerboseDisabledCondition : Condition GatewayAutoConfiguration.OnVerboseDisabledCondition on org.springframework.cloud.gateway.config.GatewayAutoConfiguration$GatewayActuatorConfiguration#gatewayLegacyControllerEndpoint did not match due to NoneNestedConditions 1 matched 0 did not; NestedCondition on GatewayAutoConfiguration.OnVerboseDisabledCondition.VerboseDisabled @ConditionalOnProperty (spring.cloud.gateway.actuator.verbose.enabled) matched
2024-08-24T08:06:49.137-06:00 TRACE 68220 --- [gateway] [           main] o.s.c.g.c.c.OnEnabledGlobalFilter        : Condition OnEnabledGlobalFilter on org.springframework.cloud.gateway.config.GatewayAutoConfiguration$NettyConfiguration#routingFilter matched
2024-08-24T08:06:49.138-06:00 TRACE 68220 --- [gateway] [           main] o.s.c.g.c.c.OnEnabledGlobalFilter        : Condition OnEnabledGlobalFilter on org.springframework.cloud.gateway.config.GatewayAutoConfiguration$NettyConfiguration#nettyWriteResponseFilter matched
2024-08-24T08:06:49.140-06:00 TRACE 68220 --- [gateway] [           main] o.s.c.g.c.c.OnEnabledGlobalFilter        : Condition OnEnabledGlobalFilter on org.springframework.cloud.gateway.config.GatewayAutoConfiguration$NettyConfiguration#reactorNettyWebSocketClient matched
2024-08-24T08:06:49.141-06:00 TRACE 68220 --- [gateway] [           main] o.s.c.g.c.c.OnEnabledGlobalFilter        : Condition OnEnabledGlobalFilter on org.springframework.cloud.gateway.config.GatewayAutoConfiguration$NettyConfiguration#reactorNettyRequestUpgradeStrategy matched
2024-08-24T08:06:49.278-06:00 TRACE 68220 --- [gateway] [           main] o.s.c.g.c.c.OnEnabledGlobalFilter        : Condition OnEnabledGlobalFilter on org.springframework.cloud.gateway.config.GatewayAutoConfiguration#adaptCachedBodyGlobalFilter matched
2024-08-24T08:06:49.278-06:00 TRACE 68220 --- [gateway] [           main] o.s.c.g.c.c.OnEnabledGlobalFilter        : Condition OnEnabledGlobalFilter on org.springframework.cloud.gateway.config.GatewayAutoConfiguration#removeCachedBodyFilter matched
2024-08-24T08:06:49.278-06:00 TRACE 68220 --- [gateway] [           main] o.s.c.g.c.c.OnEnabledGlobalFilter        : Condition OnEnabledGlobalFilter on org.springframework.cloud.gateway.config.GatewayAutoConfiguration#routeToRequestUrlFilter matched
2024-08-24T08:06:49.278-06:00 TRACE 68220 --- [gateway] [           main] o.s.c.g.c.c.OnEnabledGlobalFilter        : Condition OnEnabledGlobalFilter on org.springframework.cloud.gateway.config.GatewayAutoConfiguration#forwardRoutingFilter matched
2024-08-24T08:06:49.278-06:00 TRACE 68220 --- [gateway] [           main] o.s.c.g.c.c.OnEnabledGlobalFilter        : Condition OnEnabledGlobalFilter on org.springframework.cloud.gateway.config.GatewayAutoConfiguration#forwardPathFilter matched
2024-08-24T08:06:49.278-06:00 TRACE 68220 --- [gateway] [           main] o.s.c.g.c.c.OnEnabledGlobalFilter        : Condition OnEnabledGlobalFilter on org.springframework.cloud.gateway.config.GatewayAutoConfiguration#webSocketService matched
2024-08-24T08:06:49.278-06:00 TRACE 68220 --- [gateway] [           main] o.s.c.g.c.c.OnEnabledGlobalFilter        : Condition OnEnabledGlobalFilter on org.springframework.cloud.gateway.config.GatewayAutoConfiguration#websocketRoutingFilter matched
2024-08-24T08:06:49.278-06:00 TRACE 68220 --- [gateway] [           main] o.s.c.g.c.c.OnEnabledPredicate           : Condition OnEnabledPredicate on org.springframework.cloud.gateway.config.GatewayAutoConfiguration#weightCalculatorWebFilter matched
2024-08-24T08:06:49.278-06:00 TRACE 68220 --- [gateway] [           main] o.s.c.g.c.c.OnEnabledPredicate           : Condition OnEnabledPredicate on org.springframework.cloud.gateway.config.GatewayAutoConfiguration#afterRoutePredicateFactory matched
2024-08-24T08:06:49.278-06:00 TRACE 68220 --- [gateway] [           main] o.s.c.g.c.c.OnEnabledPredicate           : Condition OnEnabledPredicate on org.springframework.cloud.gateway.config.GatewayAutoConfiguration#beforeRoutePredicateFactory matched
2024-08-24T08:06:49.278-06:00 TRACE 68220 --- [gateway] [           main] o.s.c.g.c.c.OnEnabledPredicate           : Condition OnEnabledPredicate on org.springframework.cloud.gateway.config.GatewayAutoConfiguration#betweenRoutePredicateFactory matched
2024-08-24T08:06:49.286-06:00 TRACE 68220 --- [gateway] [           main] o.s.c.g.c.c.OnEnabledPredicate           : Condition OnEnabledPredicate on org.springframework.cloud.gateway.config.GatewayAutoConfiguration#cookieRoutePredicateFactory matched
2024-08-24T08:06:49.286-06:00 TRACE 68220 --- [gateway] [           main] o.s.c.g.c.c.OnEnabledPredicate           : Condition OnEnabledPredicate on org.springframework.cloud.gateway.config.GatewayAutoConfiguration#headerRoutePredicateFactory matched
2024-08-24T08:06:49.287-06:00 TRACE 68220 --- [gateway] [           main] o.s.c.g.c.c.OnEnabledPredicate           : Condition OnEnabledPredicate on org.springframework.cloud.gateway.config.GatewayAutoConfiguration#hostRoutePredicateFactory matched
2024-08-24T08:06:49.287-06:00 TRACE 68220 --- [gateway] [           main] o.s.c.g.c.c.OnEnabledPredicate           : Condition OnEnabledPredicate on org.springframework.cloud.gateway.config.GatewayAutoConfiguration#methodRoutePredicateFactory matched
2024-08-24T08:06:49.287-06:00 TRACE 68220 --- [gateway] [           main] o.s.c.g.c.c.OnEnabledPredicate           : Condition OnEnabledPredicate on org.springframework.cloud.gateway.config.GatewayAutoConfiguration#pathRoutePredicateFactory matched
2024-08-24T08:06:49.287-06:00 TRACE 68220 --- [gateway] [           main] o.s.c.g.c.c.OnEnabledPredicate           : Condition OnEnabledPredicate on org.springframework.cloud.gateway.config.GatewayAutoConfiguration#queryRoutePredicateFactory matched
2024-08-24T08:06:49.287-06:00 TRACE 68220 --- [gateway] [           main] o.s.c.g.c.c.OnEnabledPredicate           : Condition OnEnabledPredicate on org.springframework.cloud.gateway.config.GatewayAutoConfiguration#readBodyPredicateFactory matched
2024-08-24T08:06:49.290-06:00 TRACE 68220 --- [gateway] [           main] o.s.c.g.c.c.OnEnabledPredicate           : Condition OnEnabledPredicate on org.springframework.cloud.gateway.config.GatewayAutoConfiguration#remoteAddrRoutePredicateFactory matched
2024-08-24T08:06:49.290-06:00 TRACE 68220 --- [gateway] [           main] o.s.c.g.c.c.OnEnabledPredicate           : Condition OnEnabledPredicate on org.springframework.cloud.gateway.config.GatewayAutoConfiguration#xForwardedRemoteAddrRoutePredicateFactory matched
2024-08-24T08:06:49.290-06:00 TRACE 68220 --- [gateway] [           main] o.s.c.g.c.c.OnEnabledPredicate           : Condition OnEnabledPredicate on org.springframework.cloud.gateway.config.GatewayAutoConfiguration#weightRoutePredicateFactory matched
2024-08-24T08:06:49.290-06:00 TRACE 68220 --- [gateway] [           main] o.s.c.g.c.c.OnEnabledPredicate           : Condition OnEnabledPredicate on org.springframework.cloud.gateway.config.GatewayAutoConfiguration#cloudFoundryRouteServiceRoutePredicateFactory matched
2024-08-24T08:06:49.294-06:00 TRACE 68220 --- [gateway] [           main] o.s.c.g.c.conditional.OnEnabledFilter    : Condition OnEnabledFilter on org.springframework.cloud.gateway.config.GatewayAutoConfiguration#addRequestHeaderGatewayFilterFactory matched
2024-08-24T08:06:49.294-06:00 TRACE 68220 --- [gateway] [           main] o.s.c.g.c.conditional.OnEnabledFilter    : Condition OnEnabledFilter on org.springframework.cloud.gateway.config.GatewayAutoConfiguration#addRequestHeadersIfNotPresentGatewayFilterFactory matched
2024-08-24T08:06:49.295-06:00 TRACE 68220 --- [gateway] [           main] o.s.c.g.c.conditional.OnEnabledFilter    : Condition OnEnabledFilter on org.springframework.cloud.gateway.config.GatewayAutoConfiguration#mapRequestHeaderGatewayFilterFactory matched
2024-08-24T08:06:49.296-06:00 TRACE 68220 --- [gateway] [           main] o.s.c.g.c.conditional.OnEnabledFilter    : Condition OnEnabledFilter on org.springframework.cloud.gateway.config.GatewayAutoConfiguration#addRequestParameterGatewayFilterFactory matched
2024-08-24T08:06:49.296-06:00 TRACE 68220 --- [gateway] [           main] o.s.c.g.c.conditional.OnEnabledFilter    : Condition OnEnabledFilter on org.springframework.cloud.gateway.config.GatewayAutoConfiguration#addResponseHeaderGatewayFilterFactory matched
2024-08-24T08:06:49.296-06:00 TRACE 68220 --- [gateway] [           main] o.s.c.g.c.conditional.OnEnabledFilter    : Condition OnEnabledFilter on org.springframework.cloud.gateway.config.GatewayAutoConfiguration#modifyRequestBodyGatewayFilterFactory matched
2024-08-24T08:06:49.296-06:00 TRACE 68220 --- [gateway] [           main] o.s.c.g.c.conditional.OnEnabledFilter    : Condition OnEnabledFilter on org.springframework.cloud.gateway.config.GatewayAutoConfiguration#dedupeResponseHeaderGatewayFilterFactory matched
2024-08-24T08:06:49.296-06:00 TRACE 68220 --- [gateway] [           main] o.s.c.g.c.conditional.OnEnabledFilter    : Condition OnEnabledFilter on org.springframework.cloud.gateway.config.GatewayAutoConfiguration#modifyResponseBodyGatewayFilterFactory matched
2024-08-24T08:06:49.296-06:00 TRACE 68220 --- [gateway] [           main] o.s.c.g.c.conditional.OnEnabledFilter    : Condition OnEnabledFilter on org.springframework.cloud.gateway.config.GatewayAutoConfiguration#cacheRequestBodyGatewayFilterFactory matched
2024-08-24T08:06:49.296-06:00 TRACE 68220 --- [gateway] [           main] o.s.c.g.c.conditional.OnEnabledFilter    : Condition OnEnabledFilter on org.springframework.cloud.gateway.config.GatewayAutoConfiguration#prefixPathGatewayFilterFactory matched
2024-08-24T08:06:49.296-06:00 TRACE 68220 --- [gateway] [           main] o.s.c.g.c.conditional.OnEnabledFilter    : Condition OnEnabledFilter on org.springframework.cloud.gateway.config.GatewayAutoConfiguration#preserveHostHeaderGatewayFilterFactory matched
2024-08-24T08:06:49.623-06:00 TRACE 68220 --- [gateway] [           main] o.s.c.g.c.conditional.OnEnabledFilter    : Condition OnEnabledFilter on org.springframework.cloud.gateway.config.GatewayAutoConfiguration#redirectToGatewayFilterFactory matched
2024-08-24T08:06:49.623-06:00 TRACE 68220 --- [gateway] [           main] o.s.c.g.c.conditional.OnEnabledFilter    : Condition OnEnabledFilter on org.springframework.cloud.gateway.config.GatewayAutoConfiguration#removeJsonAttributesResponseBodyGatewayFilterFactory matched
2024-08-24T08:06:49.623-06:00 TRACE 68220 --- [gateway] [           main] o.s.c.g.c.conditional.OnEnabledFilter    : Condition OnEnabledFilter on org.springframework.cloud.gateway.config.GatewayAutoConfiguration#removeRequestHeaderGatewayFilterFactory matched
2024-08-24T08:06:49.623-06:00 TRACE 68220 --- [gateway] [           main] o.s.c.g.c.conditional.OnEnabledFilter    : Condition OnEnabledFilter on org.springframework.cloud.gateway.config.GatewayAutoConfiguration#removeRequestParameterGatewayFilterFactory matched
2024-08-24T08:06:49.623-06:00 TRACE 68220 --- [gateway] [           main] o.s.c.g.c.conditional.OnEnabledFilter    : Condition OnEnabledFilter on org.springframework.cloud.gateway.config.GatewayAutoConfiguration#removeResponseHeaderGatewayFilterFactory matched
2024-08-24T08:06:49.657-06:00 TRACE 68220 --- [gateway] [           main] o.s.c.g.c.conditional.OnEnabledFilter    : Condition OnEnabledFilter on org.springframework.cloud.gateway.config.GatewayAutoConfiguration#rewritePathGatewayFilterFactory matched
2024-08-24T08:06:49.657-06:00 TRACE 68220 --- [gateway] [           main] o.s.c.g.c.conditional.OnEnabledFilter    : Condition OnEnabledFilter on org.springframework.cloud.gateway.config.GatewayAutoConfiguration#retryGatewayFilterFactory matched
2024-08-24T08:06:49.658-06:00 TRACE 68220 --- [gateway] [           main] o.s.c.g.c.conditional.OnEnabledFilter    : Condition OnEnabledFilter on org.springframework.cloud.gateway.config.GatewayAutoConfiguration#setPathGatewayFilterFactory matched
2024-08-24T08:06:49.659-06:00 TRACE 68220 --- [gateway] [           main] o.s.c.g.c.conditional.OnEnabledFilter    : Condition OnEnabledFilter on org.springframework.cloud.gateway.config.GatewayAutoConfiguration#secureHeadersGatewayFilterFactory matched
2024-08-24T08:06:49.659-06:00 TRACE 68220 --- [gateway] [           main] o.s.c.g.c.conditional.OnEnabledFilter    : Condition OnEnabledFilter on org.springframework.cloud.gateway.config.GatewayAutoConfiguration#setRequestHeaderGatewayFilterFactory matched
2024-08-24T08:06:49.660-06:00 TRACE 68220 --- [gateway] [           main] o.s.c.g.c.conditional.OnEnabledFilter    : Condition OnEnabledFilter on org.springframework.cloud.gateway.config.GatewayAutoConfiguration#setRequestHostHeaderGatewayFilterFactory matched
2024-08-24T08:06:49.660-06:00 TRACE 68220 --- [gateway] [           main] o.s.c.g.c.conditional.OnEnabledFilter    : Condition OnEnabledFilter on org.springframework.cloud.gateway.config.GatewayAutoConfiguration#setResponseHeaderGatewayFilterFactory matched
2024-08-24T08:06:49.661-06:00 TRACE 68220 --- [gateway] [           main] o.s.c.g.c.conditional.OnEnabledFilter    : Condition OnEnabledFilter on org.springframework.cloud.gateway.config.GatewayAutoConfiguration#rewriteResponseHeaderGatewayFilterFactory matched
2024-08-24T08:06:49.662-06:00 TRACE 68220 --- [gateway] [           main] o.s.c.g.c.conditional.OnEnabledFilter    : Condition OnEnabledFilter on org.springframework.cloud.gateway.config.GatewayAutoConfiguration#rewriteLocationResponseHeaderGatewayFilterFactory matched
2024-08-24T08:06:49.662-06:00 TRACE 68220 --- [gateway] [           main] o.s.c.g.c.conditional.OnEnabledFilter    : Condition OnEnabledFilter on org.springframework.cloud.gateway.config.GatewayAutoConfiguration#setStatusGatewayFilterFactory matched
2024-08-24T08:06:49.663-06:00 TRACE 68220 --- [gateway] [           main] o.s.c.g.c.conditional.OnEnabledFilter    : Condition OnEnabledFilter on org.springframework.cloud.gateway.config.GatewayAutoConfiguration#saveSessionGatewayFilterFactory matched
2024-08-24T08:06:49.663-06:00 TRACE 68220 --- [gateway] [           main] o.s.c.g.c.conditional.OnEnabledFilter    : Condition OnEnabledFilter on org.springframework.cloud.gateway.config.GatewayAutoConfiguration#stripPrefixGatewayFilterFactory matched
2024-08-24T08:06:49.664-06:00 TRACE 68220 --- [gateway] [           main] o.s.c.g.c.conditional.OnEnabledFilter    : Condition OnEnabledFilter on org.springframework.cloud.gateway.config.GatewayAutoConfiguration#requestHeaderToRequestUriGatewayFilterFactory matched
2024-08-24T08:06:49.665-06:00 TRACE 68220 --- [gateway] [           main] o.s.c.g.c.conditional.OnEnabledFilter    : Condition OnEnabledFilter on org.springframework.cloud.gateway.config.GatewayAutoConfiguration#requestSizeGatewayFilterFactory matched
2024-08-24T08:06:49.665-06:00 TRACE 68220 --- [gateway] [           main] o.s.c.g.c.conditional.OnEnabledFilter    : Condition OnEnabledFilter on org.springframework.cloud.gateway.config.GatewayAutoConfiguration#requestHeaderSizeGatewayFilterFactory matched
2024-08-24T08:06:49.666-06:00 TRACE 68220 --- [gateway] [           main] o.s.c.g.c.conditional.OnEnabledFilter    : Condition OnEnabledFilter on org.springframework.cloud.gateway.config.GatewayAutoConfiguration#rewriteRequestParameterGatewayFilterFactory matched
2024-08-24T08:06:50.989-06:00  INFO 68220 --- [gateway] [           main] o.s.cloud.context.scope.GenericScope     : BeanFactory id=de9e994c-6c29-3907-af2c-199f0ce8db87
2024-08-24T08:06:51.338-06:00  WARN 68220 --- [gateway] [           main] trationDelegate$BeanPostProcessorChecker : Bean 'org.springframework.cloud.client.loadbalancer.LoadBalancerAutoConfiguration$DeferringLoadBalancerInterceptorConfig' of type [org.springframework.cloud.client.loadbalancer.LoadBalancerAutoConfiguration$DeferringLoadBalancerInterceptorConfig] is not eligible for getting processed by all BeanPostProcessors (for example: not eligible for auto-proxying). The currently created BeanPostProcessor [lbRestClientPostProcessor] is declared through a non-static factory method on that class; consider declaring it as static instead.
2024-08-24T08:06:51.443-06:00  WARN 68220 --- [gateway] [           main] trationDelegate$BeanPostProcessorChecker : Bean 'deferringLoadBalancerInterceptor' of type [org.springframework.cloud.client.loadbalancer.DeferringLoadBalancerInterceptor] is not eligible for getting processed by all BeanPostProcessors (for example: not eligible for auto-proxying). Is this bean getting eagerly injected into a currently created BeanPostProcessor [lbRestClientPostProcessor]? Check the corresponding BeanPostProcessor declaration and its dependencies.
2024-08-24T08:06:51.449-06:00  WARN 68220 --- [gateway] [           main] trationDelegate$BeanPostProcessorChecker : Bean 'org.springframework.cloud.client.loadbalancer.reactive.LoadBalancerBeanPostProcessorAutoConfiguration' of type [org.springframework.cloud.client.loadbalancer.reactive.LoadBalancerBeanPostProcessorAutoConfiguration] is not eligible for getting processed by all BeanPostProcessors (for example: not eligible for auto-proxying). The currently created BeanPostProcessor [loadBalancerWebClientBuilderBeanPostProcessor] is declared through a non-static factory method on that class; consider declaring it as static instead.
2024-08-24T08:06:51.454-06:00  WARN 68220 --- [gateway] [           main] trationDelegate$BeanPostProcessorChecker : Bean 'org.springframework.cloud.client.loadbalancer.reactive.LoadBalancerBeanPostProcessorAutoConfiguration$ReactorDeferringLoadBalancerFilterConfig' of type [org.springframework.cloud.client.loadbalancer.reactive.LoadBalancerBeanPostProcessorAutoConfiguration$ReactorDeferringLoadBalancerFilterConfig] is not eligible for getting processed by all BeanPostProcessors (for example: not eligible for auto-proxying). Is this bean getting eagerly injected into a currently created BeanPostProcessor [loadBalancerWebClientBuilderBeanPostProcessor]? Check the corresponding BeanPostProcessor declaration and its dependencies.
2024-08-24T08:06:51.484-06:00  WARN 68220 --- [gateway] [           main] trationDelegate$BeanPostProcessorChecker : Bean 'reactorDeferringLoadBalancerExchangeFilterFunction' of type [org.springframework.cloud.client.loadbalancer.reactive.DeferringLoadBalancerExchangeFilterFunction] is not eligible for getting processed by all BeanPostProcessors (for example: not eligible for auto-proxying). Is this bean getting eagerly injected into a currently created BeanPostProcessor [loadBalancerWebClientBuilderBeanPostProcessor]? Check the corresponding BeanPostProcessor declaration and its dependencies.
2024-08-24T08:06:53.138-06:00  WARN 68220 --- [gateway] [           main] ion$DefaultTemplateResolverConfiguration : Cannot find template location: classpath:/templates/ (please add some templates, check your Thymeleaf configuration, or set spring.thymeleaf.check-template-location=false)
2024-08-24T08:06:56.243-06:00 DEBUG 68220 --- [gateway] [           main] o.s.c.gateway.config.GatewayProperties   : Routes supplied from Gateway Properties: [RouteDefinition{id='movie-service', predicates=[PredicateDefinition{name='Path', args={_genkey_0=/api/peliculas/**}}], filters=[], uri=https://backend-microservicio-peliculas-production.up.railway.app, order=0, metadata={}}, RouteDefinition{id='buscador-service', predicates=[PredicateDefinition{name='Path', args={_genkey_0=/api/buscador/**}}], filters=[], uri=https://buscador-production-9ec0.up.railway.app, order=0, metadata={}}, RouteDefinition{id='auth-service', predicates=[PredicateDefinition{name='Path', args={_genkey_0=/api/auth/**}}], filters=[], uri=https://backend-microservicio-peliculas-production.up.railway.app, order=0, metadata={}}, RouteDefinition{id='user-service', predicates=[PredicateDefinition{name='Path', args={_genkey_0=/api/user/**}}], filters=[], uri=https://backend-microservicio-peliculas-production.up.railway.app, order=0, metadata={}}, RouteDefinition{id='compra-service', predicates=[PredicateDefinition{name='Path', args={_genkey_0=/api/compras/**}}], filters=[], uri=https://backend-microservicio-peliculas-production.up.railway.app, order=0, metadata={}}]
2024-08-24T08:06:56.820-06:00  INFO 68220 --- [gateway] [           main] o.s.c.g.r.RouteDefinitionRouteLocator    : Loaded RoutePredicateFactory [After]
2024-08-24T08:06:56.821-06:00  INFO 68220 --- [gateway] [           main] o.s.c.g.r.RouteDefinitionRouteLocator    : Loaded RoutePredicateFactory [Before]
2024-08-24T08:06:56.821-06:00  INFO 68220 --- [gateway] [           main] o.s.c.g.r.RouteDefinitionRouteLocator    : Loaded RoutePredicateFactory [Between]
2024-08-24T08:06:56.822-06:00  INFO 68220 --- [gateway] [           main] o.s.c.g.r.RouteDefinitionRouteLocator    : Loaded RoutePredicateFactory [Cookie]
2024-08-24T08:06:56.822-06:00  INFO 68220 --- [gateway] [           main] o.s.c.g.r.RouteDefinitionRouteLocator    : Loaded RoutePredicateFactory [Header]
2024-08-24T08:06:56.822-06:00  INFO 68220 --- [gateway] [           main] o.s.c.g.r.RouteDefinitionRouteLocator    : Loaded RoutePredicateFactory [Host]
2024-08-24T08:06:56.822-06:00  INFO 68220 --- [gateway] [           main] o.s.c.g.r.RouteDefinitionRouteLocator    : Loaded RoutePredicateFactory [Method]
2024-08-24T08:06:56.822-06:00  INFO 68220 --- [gateway] [           main] o.s.c.g.r.RouteDefinitionRouteLocator    : Loaded RoutePredicateFactory [Path]
2024-08-24T08:06:56.822-06:00  INFO 68220 --- [gateway] [           main] o.s.c.g.r.RouteDefinitionRouteLocator    : Loaded RoutePredicateFactory [Query]
2024-08-24T08:06:56.822-06:00  INFO 68220 --- [gateway] [           main] o.s.c.g.r.RouteDefinitionRouteLocator    : Loaded RoutePredicateFactory [ReadBody]
2024-08-24T08:06:56.822-06:00  INFO 68220 --- [gateway] [           main] o.s.c.g.r.RouteDefinitionRouteLocator    : Loaded RoutePredicateFactory [RemoteAddr]
2024-08-24T08:06:56.822-06:00  INFO 68220 --- [gateway] [           main] o.s.c.g.r.RouteDefinitionRouteLocator    : Loaded RoutePredicateFactory [XForwardedRemoteAddr]
2024-08-24T08:06:56.823-06:00  INFO 68220 --- [gateway] [           main] o.s.c.g.r.RouteDefinitionRouteLocator    : Loaded RoutePredicateFactory [Weight]
2024-08-24T08:06:56.823-06:00  INFO 68220 --- [gateway] [           main] o.s.c.g.r.RouteDefinitionRouteLocator    : Loaded RoutePredicateFactory [CloudFoundryRouteService]
2024-08-24T08:06:57.516-06:00 DEBUG 68220 --- [gateway] [           main] o.s.w.r.handler.SimpleUrlHandlerMapping  : Patterns [/webjars/**, /**] in 'resourceHandlerMapping'
2024-08-24T08:06:59.462-06:00  INFO 68220 --- [gateway] [           main] o.s.b.a.e.web.EndpointLinksResolver      : Exposing 1 endpoint beneath base path '/actuator'
2024-08-24T08:06:59.627-06:00 DEBUG 68220 --- [gateway] [           main] o.s.w.r.r.m.a.ControllerMethodResolver   : ControllerAdvice beans: none
2024-08-24T08:06:59.831-06:00 DEBUG 68220 --- [gateway] [           main] o.s.w.s.adapter.HttpWebHandlerAdapter    : enableLoggingRequestDetails='false': form data and headers will be masked to prevent unsafe logging of potentially sensitive data
2024-08-24T08:07:00.331-06:00  INFO 68220 --- [gateway] [           main] DiscoveryClientOptionalArgsConfiguration : Eureka HTTP Client uses RestTemplate.
2024-08-24T08:07:00.489-06:00  WARN 68220 --- [gateway] [           main] iguration$LoadBalancerCaffeineWarnLogger : Spring Cloud LoadBalancer is currently working with the default cache. While this cache implementation is useful for development and tests, it's recommended to use Caffeine cache in production.You can switch to using Caffeine cache, by adding it and org.springframework.cache.caffeine.CaffeineCacheManager to the classpath.
2024-08-24T08:07:00.806-06:00  INFO 68220 --- [gateway] [           main] o.s.c.n.eureka.InstanceInfoFactory       : Setting initial instance status as: STARTING
2024-08-24T08:07:00.893-06:00  INFO 68220 --- [gateway] [           main] com.netflix.discovery.DiscoveryClient    : Initializing Eureka in region us-east-1
2024-08-24T08:07:00.914-06:00  INFO 68220 --- [gateway] [           main] c.n.d.s.r.aws.ConfigClusterResolver      : Resolving eureka endpoints via configuration
2024-08-24T08:07:00.944-06:00  INFO 68220 --- [gateway] [           main] com.netflix.discovery.DiscoveryClient    : Disable delta property : false
2024-08-24T08:07:00.944-06:00  INFO 68220 --- [gateway] [           main] com.netflix.discovery.DiscoveryClient    : Single vip registry refresh property : null
2024-08-24T08:07:00.944-06:00  INFO 68220 --- [gateway] [           main] com.netflix.discovery.DiscoveryClient    : Force full registry fetch : false
2024-08-24T08:07:00.944-06:00  INFO 68220 --- [gateway] [           main] com.netflix.discovery.DiscoveryClient    : Application is null : false
2024-08-24T08:07:00.944-06:00  INFO 68220 --- [gateway] [           main] com.netflix.discovery.DiscoveryClient    : Registered Applications size is zero : true
2024-08-24T08:07:00.944-06:00  INFO 68220 --- [gateway] [           main] com.netflix.discovery.DiscoveryClient    : Application version is -1: true
2024-08-24T08:07:00.945-06:00  INFO 68220 --- [gateway] [           main] com.netflix.discovery.DiscoveryClient    : Getting all instance registry info from the eureka server
2024-08-24T08:07:01.861-06:00 DEBUG 68220 --- [gateway] [           main] o.s.web.client.RestTemplate              : HTTP GET https://backend-eureka-production.up.railway.app/eureka/apps/
2024-08-24T08:07:02.251-06:00 DEBUG 68220 --- [gateway] [           main] o.s.web.client.RestTemplate              : Accept=[application/json, application/*+json]
2024-08-24T08:07:20.402-06:00 DEBUG 68220 --- [gateway] [           main] o.s.web.client.RestTemplate              : Response 200 OK
2024-08-24T08:07:20.408-06:00 DEBUG 68220 --- [gateway] [           main] o.s.web.client.RestTemplate              : Reading to [org.springframework.cloud.netflix.eureka.http.EurekaApplications]
2024-08-24T08:07:20.487-06:00  INFO 68220 --- [gateway] [           main] com.netflix.discovery.DiscoveryClient    : The response status is 200
2024-08-24T08:07:20.493-06:00  INFO 68220 --- [gateway] [           main] com.netflix.discovery.DiscoveryClient    : Starting heartbeat executor: renew interval is: 30
2024-08-24T08:07:20.499-06:00  INFO 68220 --- [gateway] [           main] c.n.discovery.InstanceInfoReplicator     : InstanceInfoReplicator onDemand update allowed rate per min is 4
2024-08-24T08:07:20.505-06:00  INFO 68220 --- [gateway] [           main] com.netflix.discovery.DiscoveryClient    : Discovery Client initialized at timestamp 1724508440502 with initial instances count: 3
2024-08-24T08:07:20.513-06:00  INFO 68220 --- [gateway] [           main] o.s.c.n.e.s.EurekaServiceRegistry        : Registering application GATEWAY with eureka with status UP
2024-08-24T08:07:20.515-06:00  INFO 68220 --- [gateway] [           main] com.netflix.discovery.DiscoveryClient    : Saw local status change event StatusChangeEvent [timestamp=1724508440515, current=UP, previous=STARTING]
2024-08-24T08:07:20.519-06:00  INFO 68220 --- [gateway] [foReplicator-%d] com.netflix.discovery.DiscoveryClient    : DiscoveryClient_GATEWAY/Raul:gateway:8083: registering service...
2024-08-24T08:07:20.531-06:00 DEBUG 68220 --- [gateway] [foReplicator-%d] o.s.web.client.RestTemplate              : HTTP POST https://backend-eureka-production.up.railway.app/eureka/apps/GATEWAY
2024-08-24T08:07:20.537-06:00 DEBUG 68220 --- [gateway] [foReplicator-%d] o.s.web.client.RestTemplate              : Accept=[application/json, application/*+json]
2024-08-24T08:07:20.582-06:00 DEBUG 68220 --- [gateway] [foReplicator-%d] o.s.web.client.RestTemplate              : Writing [InstanceInfo [instanceId = Raul:gateway:8083, appName = GATEWAY, hostName = 192.168.5.138, status = UP, ipAddr = 192.168.5.138, port = 8083, securePort = 443, dataCenterInfo = com.netflix.appinfo.MyDataCenterInfo@5ba172e6] as "application/json"
2024-08-24T08:07:20.706-06:00 DEBUG 68220 --- [gateway] [           main] o.s.c.g.r.RouteDefinitionRouteLocator    : RouteDefinition ReactiveCompositeDiscoveryClient_GATEWAY applying {pattern=/GATEWAY/**} to Path
2024-08-24T08:07:20.763-06:00 DEBUG 68220 --- [gateway] [           main] o.s.c.g.r.RouteDefinitionRouteLocator    : RouteDefinition ReactiveCompositeDiscoveryClient_GATEWAY applying filter {regexp=/GATEWAY/?(?<remaining>.*), replacement=/${remaining}} to RewritePath
2024-08-24T08:07:20.788-06:00 DEBUG 68220 --- [gateway] [           main] o.s.c.g.r.RouteDefinitionRouteLocator    : RouteDefinition matched: ReactiveCompositeDiscoveryClient_GATEWAY
2024-08-24T08:07:20.789-06:00 DEBUG 68220 --- [gateway] [           main] o.s.c.g.r.RouteDefinitionRouteLocator    : RouteDefinition ReactiveCompositeDiscoveryClient_BUSCADOR-SERVICE applying {pattern=/BUSCADOR-SERVICE/**} to Path
2024-08-24T08:07:20.792-06:00 DEBUG 68220 --- [gateway] [           main] o.s.c.g.r.RouteDefinitionRouteLocator    : RouteDefinition ReactiveCompositeDiscoveryClient_BUSCADOR-SERVICE applying filter {regexp=/BUSCADOR-SERVICE/?(?<remaining>.*), replacement=/${remaining}} to RewritePath
2024-08-24T08:07:20.795-06:00 DEBUG 68220 --- [gateway] [           main] o.s.c.g.r.RouteDefinitionRouteLocator    : RouteDefinition matched: ReactiveCompositeDiscoveryClient_BUSCADOR-SERVICE
2024-08-24T08:07:20.796-06:00 DEBUG 68220 --- [gateway] [           main] o.s.c.g.r.RouteDefinitionRouteLocator    : RouteDefinition ReactiveCompositeDiscoveryClient_MOVIE-SERVICE applying {pattern=/MOVIE-SERVICE/**} to Path
2024-08-24T08:07:20.799-06:00 DEBUG 68220 --- [gateway] [           main] o.s.c.g.r.RouteDefinitionRouteLocator    : RouteDefinition ReactiveCompositeDiscoveryClient_MOVIE-SERVICE applying filter {regexp=/MOVIE-SERVICE/?(?<remaining>.*), replacement=/${remaining}} to RewritePath
2024-08-24T08:07:20.803-06:00 DEBUG 68220 --- [gateway] [           main] o.s.c.g.r.RouteDefinitionRouteLocator    : RouteDefinition matched: ReactiveCompositeDiscoveryClient_MOVIE-SERVICE
2024-08-24T08:07:20.803-06:00 DEBUG 68220 --- [gateway] [           main] o.s.c.g.r.RouteDefinitionRouteLocator    : RouteDefinition movie-service applying {_genkey_0=/api/peliculas/**} to Path
2024-08-24T08:07:20.806-06:00 DEBUG 68220 --- [gateway] [           main] o.s.c.g.r.RouteDefinitionRouteLocator    : RouteDefinition matched: movie-service
2024-08-24T08:07:20.806-06:00 DEBUG 68220 --- [gateway] [           main] o.s.c.g.r.RouteDefinitionRouteLocator    : RouteDefinition buscador-service applying {_genkey_0=/api/buscador/**} to Path
2024-08-24T08:07:20.809-06:00 DEBUG 68220 --- [gateway] [           main] o.s.c.g.r.RouteDefinitionRouteLocator    : RouteDefinition matched: buscador-service
2024-08-24T08:07:20.810-06:00 DEBUG 68220 --- [gateway] [           main] o.s.c.g.r.RouteDefinitionRouteLocator    : RouteDefinition auth-service applying {_genkey_0=/api/auth/**} to Path
2024-08-24T08:07:20.812-06:00 DEBUG 68220 --- [gateway] [           main] o.s.c.g.r.RouteDefinitionRouteLocator    : RouteDefinition matched: auth-service
2024-08-24T08:07:20.813-06:00 DEBUG 68220 --- [gateway] [           main] o.s.c.g.r.RouteDefinitionRouteLocator    : RouteDefinition user-service applying {_genkey_0=/api/user/**} to Path
2024-08-24T08:07:20.816-06:00 DEBUG 68220 --- [gateway] [           main] o.s.c.g.r.RouteDefinitionRouteLocator    : RouteDefinition matched: user-service
2024-08-24T08:07:20.816-06:00 DEBUG 68220 --- [gateway] [           main] o.s.c.g.r.RouteDefinitionRouteLocator    : RouteDefinition compra-service applying {_genkey_0=/api/compras/**} to Path
2024-08-24T08:07:20.818-06:00 DEBUG 68220 --- [gateway] [           main] o.s.c.g.r.RouteDefinitionRouteLocator    : RouteDefinition matched: compra-service
2024-08-24T08:07:20.840-06:00 DEBUG 68220 --- [gateway] [           main] o.s.c.g.filter.GatewayMetricsFilter      : New routes count: 8
2024-08-24T08:07:20.912-06:00 DEBUG 68220 --- [gateway] [           main] o.s.c.g.r.RouteDefinitionRouteLocator    : RouteDefinition ReactiveCompositeDiscoveryClient_GATEWAY applying {pattern=/GATEWAY/**} to Path
2024-08-24T08:07:20.915-06:00 DEBUG 68220 --- [gateway] [           main] o.s.c.g.r.RouteDefinitionRouteLocator    : RouteDefinition ReactiveCompositeDiscoveryClient_GATEWAY applying filter {regexp=/GATEWAY/?(?<remaining>.*), replacement=/${remaining}} to RewritePath
2024-08-24T08:07:20.917-06:00 DEBUG 68220 --- [gateway] [           main] o.s.c.g.r.RouteDefinitionRouteLocator    : RouteDefinition matched: ReactiveCompositeDiscoveryClient_GATEWAY
2024-08-24T08:07:20.918-06:00 DEBUG 68220 --- [gateway] [           main] o.s.c.g.r.RouteDefinitionRouteLocator    : RouteDefinition ReactiveCompositeDiscoveryClient_BUSCADOR-SERVICE applying {pattern=/BUSCADOR-SERVICE/**} to Path
2024-08-24T08:07:20.920-06:00 DEBUG 68220 --- [gateway] [           main] o.s.c.g.r.RouteDefinitionRouteLocator    : RouteDefinition ReactiveCompositeDiscoveryClient_BUSCADOR-SERVICE applying filter {regexp=/BUSCADOR-SERVICE/?(?<remaining>.*), replacement=/${remaining}} to RewritePath
2024-08-24T08:07:20.923-06:00 DEBUG 68220 --- [gateway] [           main] o.s.c.g.r.RouteDefinitionRouteLocator    : RouteDefinition matched: ReactiveCompositeDiscoveryClient_BUSCADOR-SERVICE
2024-08-24T08:07:20.925-06:00 DEBUG 68220 --- [gateway] [           main] o.s.c.g.r.RouteDefinitionRouteLocator    : RouteDefinition ReactiveCompositeDiscoveryClient_MOVIE-SERVICE applying {pattern=/MOVIE-SERVICE/**} to Path
2024-08-24T08:07:20.927-06:00 DEBUG 68220 --- [gateway] [           main] o.s.c.g.r.RouteDefinitionRouteLocator    : RouteDefinition ReactiveCompositeDiscoveryClient_MOVIE-SERVICE applying filter {regexp=/MOVIE-SERVICE/?(?<remaining>.*), replacement=/${remaining}} to RewritePath
2024-08-24T08:07:20.929-06:00 DEBUG 68220 --- [gateway] [           main] o.s.c.g.r.RouteDefinitionRouteLocator    : RouteDefinition matched: ReactiveCompositeDiscoveryClient_MOVIE-SERVICE
2024-08-24T08:07:20.930-06:00 DEBUG 68220 --- [gateway] [           main] o.s.c.g.r.RouteDefinitionRouteLocator    : RouteDefinition movie-service applying {_genkey_0=/api/peliculas/**} to Path
2024-08-24T08:07:20.933-06:00 DEBUG 68220 --- [gateway] [           main] o.s.c.g.r.RouteDefinitionRouteLocator    : RouteDefinition matched: movie-service
2024-08-24T08:07:20.933-06:00 DEBUG 68220 --- [gateway] [           main] o.s.c.g.r.RouteDefinitionRouteLocator    : RouteDefinition buscador-service applying {_genkey_0=/api/buscador/**} to Path
2024-08-24T08:07:20.937-06:00 DEBUG 68220 --- [gateway] [           main] o.s.c.g.r.RouteDefinitionRouteLocator    : RouteDefinition matched: buscador-service
2024-08-24T08:07:20.937-06:00 DEBUG 68220 --- [gateway] [           main] o.s.c.g.r.RouteDefinitionRouteLocator    : RouteDefinition auth-service applying {_genkey_0=/api/auth/**} to Path
2024-08-24T08:07:20.940-06:00 DEBUG 68220 --- [gateway] [           main] o.s.c.g.r.RouteDefinitionRouteLocator    : RouteDefinition matched: auth-service
2024-08-24T08:07:20.941-06:00 DEBUG 68220 --- [gateway] [           main] o.s.c.g.r.RouteDefinitionRouteLocator    : RouteDefinition user-service applying {_genkey_0=/api/user/**} to Path
2024-08-24T08:07:20.943-06:00 DEBUG 68220 --- [gateway] [           main] o.s.c.g.r.RouteDefinitionRouteLocator    : RouteDefinition matched: user-service
2024-08-24T08:07:20.944-06:00 DEBUG 68220 --- [gateway] [           main] o.s.c.g.r.RouteDefinitionRouteLocator    : RouteDefinition compra-service applying {_genkey_0=/api/compras/**} to Path
2024-08-24T08:07:20.948-06:00 DEBUG 68220 --- [gateway] [           main] o.s.c.g.r.RouteDefinitionRouteLocator    : RouteDefinition matched: compra-service
2024-08-24T08:07:20.957-06:00 DEBUG 68220 --- [gateway] [           main] o.s.c.g.filter.GatewayMetricsFilter      : New routes count: 8
2024-08-24T08:07:20.961-06:00  INFO 68220 --- [gateway] [           main] c.e.gateway.GatewayApplicationTests      : Started GatewayApplicationTests in 35.293 seconds (process running for 38.253)
2024-08-24T08:07:21.445-06:00 DEBUG 68220 --- [gateway] [foReplicator-%d] o.s.web.client.RestTemplate              : Response 204 NO_CONTENT
2024-08-24T08:07:21.445-06:00  INFO 68220 --- [gateway] [foReplicator-%d] com.netflix.discovery.DiscoveryClient    : DiscoveryClient_GATEWAY/Raul:gateway:8083 - registration status: 204
]]></system-out>
  </testcase>
</testsuite>